<?xml version="1.0" encoding="UTF-8"?>
<!-- Generated by org.testng.reporters.JUnitReportReporter -->
<testsuite hostname="NISL" name="com.dancewear.testcases.DanceWearPageTest" tests="2" failures="0" timestamp="21 Jun 2019 09:56:42 GMT" time="24.982" errors="0">
  <testcase name="resizeScreenShot" time="5.262" classname="com.dancewear.testcases.DanceWearPageTest"/>
  <testcase name="verifyTitle" time="19.720" classname="com.dancewear.testcases.DanceWearPageTest"/>
</testsuite> <!-- com.dancewear.testcases.DanceWearPageTest -->
