<?xml version="1.0" encoding="UTF-8"?>
<!-- Generated by org.testng.reporters.JUnitReportReporter -->
<testsuite hostname="NISL" name="com.dancewear.testcases.HomePageTest" tests="2" failures="0" timestamp="21 Jun 2019 11:18:23 GMT" time="5.918" errors="0">
  <testcase name="resizeScreenShot" time="5.883" classname="com.dancewear.testcases.HomePageTest"/>
  <testcase name="verifyUrl" time="0.035" classname="com.dancewear.testcases.HomePageTest"/>
</testsuite> <!-- com.dancewear.testcases.HomePageTest -->
