<?xml version="1.0" encoding="UTF-8"?>
<!-- Generated by org.testng.reporters.JUnitReportReporter -->
<testsuite hostname="NISL" name="com.dancewear.testcases.DanceShoesTest" tests="2" failures="0" timestamp="21 Jun 2019 11:18:23 GMT" time="9.520" errors="0">
  <testcase name="resizeScreenShot" time="5.652" classname="com.dancewear.testcases.DanceShoesTest"/>
  <testcase name="verifyTitle" time="3.868" classname="com.dancewear.testcases.DanceShoesTest"/>
</testsuite> <!-- com.dancewear.testcases.DanceShoesTest -->
