<?xml version="1.0" encoding="UTF-8"?>
<!-- Generated by org.testng.reporters.JUnitReportReporter -->
<testsuite hostname="NISL" name="com.dancewear.testcases.CostumesPageTest" tests="2" failures="0" timestamp="21 Jun 2019 11:18:23 GMT" time="18.745" errors="0">
  <testcase name="resizeScreenShot" time="5.601" classname="com.dancewear.testcases.CostumesPageTest"/>
  <testcase name="captureTitle" time="13.144" classname="com.dancewear.testcases.CostumesPageTest"/>
</testsuite> <!-- com.dancewear.testcases.CostumesPageTest -->
